<?xml version="1.0" encoding="UTF-8"?>
<!-- Generated by org.testng.reporters.JUnitReportReporter -->
<testsuite skipped="2" hostname="Anjali-PC" name="testdemo.Testscript" tests="3" failures="0" timestamp="03 Oct 2020 07:43:14 GMT" time="9.138" errors="0">
  <testcase name="test_02" time="9.138" classname="testdemo.Testscript"/>
  <testcase name="test_pract" classname="testdemo.Testscript">
    <skipped/>
  </testcase> <!-- test_pract -->
  <testcase name="test_01" classname="testdemo.Testscript">
    <skipped/>
  </testcase> <!-- test_01 -->
</testsuite> <!-- testdemo.Testscript -->
