<?xml version="1.0" encoding="UTF-8"?>
<!-- Generated by org.testng.reporters.JUnitReportReporter -->
<testsuite skipped="0" hostname="Anjali-PC" name="restAPI_ShortHand.TestScriptStatic_GET" tests="3" failures="0" timestamp="01 Jan 2021 06:32:00 GMT" time="11.893" errors="0">
  <testcase name="test_GET_02" time="1.532" classname="restAPI_ShortHand.TestScriptStatic_GET"/>
  <testcase name="test_GET_03" time="3.205" classname="restAPI_ShortHand.TestScriptStatic_GET"/>
  <testcase name="test_GET_01" time="7.156" classname="restAPI_ShortHand.TestScriptStatic_GET"/>
</testsuite> <!-- restAPI_ShortHand.TestScriptStatic_GET -->
