<?xml version="1.0" encoding="UTF-8"?>
<!-- Generated by org.testng.reporters.JUnitReportReporter -->
<testsuite skipped="0" hostname="Anjali-PC" name="restAPI_ShortHand.TestScriptStatic_GET" tests="3" failures="0" timestamp="03 Oct 2020 08:49:34 GMT" time="42.066" errors="0">
  <testcase name="test_GET_01" time="39.588" classname="restAPI_ShortHand.TestScriptStatic_GET"/>
  <testcase name="test_GET_03" time="1.192" classname="restAPI_ShortHand.TestScriptStatic_GET"/>
  <testcase name="test_GET_02" time="1.286" classname="restAPI_ShortHand.TestScriptStatic_GET"/>
</testsuite> <!-- restAPI_ShortHand.TestScriptStatic_GET -->
