<?xml version="1.0" encoding="UTF-8"?>
<!-- Generated by org.testng.reporters.JUnitReportReporter -->
<testsuite skipped="1" hostname="Anjali-PC" name="restAPI_Conventional.Testscript_GET" tests="5" failures="0" timestamp="04 Oct 2020 05:58:54 GMT" time="11.176" errors="0">
  <testcase name="test_02" time="3.217" classname="restAPI_Conventional.Testscript_GET"/>
  <testcase name="test_04" time="1.482" classname="restAPI_Conventional.Testscript_GET"/>
  <testcase name="test_03" time="1.017" classname="restAPI_Conventional.Testscript_GET"/>
  <testcase name="test_01" time="5.460" classname="restAPI_Conventional.Testscript_GET"/>
  <testcase name="test_pract" classname="restAPI_Conventional.Testscript_GET">
    <skipped/>
  </testcase> <!-- test_pract -->
</testsuite> <!-- restAPI_Conventional.Testscript_GET -->
