<?xml version="1.0" encoding="UTF-8"?>
<!-- Generated by org.testng.reporters.JUnitReportReporter -->
<testsuite skipped="0" hostname="Anjali-PC" name="testdemo.TestScript01" tests="2" failures="0" timestamp="03 Oct 2020 07:59:22 GMT" time="6.967" errors="0">
  <testcase name="test_GET_01" time="6.465" classname="testdemo.TestScript01"/>
  <testcase name="test_using_static_01" time="0.502" classname="testdemo.TestScript01"/>
</testsuite> <!-- testdemo.TestScript01 -->
