<?xml version="1.0" encoding="UTF-8"?>
<!-- Generated by org.testng.reporters.JUnitReportReporter -->
<testsuite skipped="0" hostname="Anjali-PC" name="restAPI_ShortHand.TestScriptStatic_POST" tests="1" failures="0" timestamp="01 Jan 2021 06:47:41 GMT" time="7.084" errors="0">
  <testcase name="test_POST_01" time="7.084" classname="restAPI_ShortHand.TestScriptStatic_POST"/>
</testsuite> <!-- restAPI_ShortHand.TestScriptStatic_POST -->
