<?xml version="1.0" encoding="UTF-8"?>
<!-- Generated by org.testng.reporters.JUnitReportReporter -->
<testsuite skipped="0" hostname="Anjali-PC" name="restAPI_ShortHand.TestScriptPojoClass_POST" tests="1" failures="0" timestamp="01 Jan 2021 07:15:52 GMT" time="6.799" errors="0">
  <testcase name="test_POST_01" time="6.799" classname="restAPI_ShortHand.TestScriptPojoClass_POST"/>
</testsuite> <!-- restAPI_ShortHand.TestScriptPojoClass_POST -->
