<?xml version="1.0" encoding="UTF-8"?>
<!-- Generated by org.testng.reporters.JUnitReportReporter -->
<testsuite hostname="Anjali-PC" name="testdemo.Testscript" tests="1" failures="0" timestamp="19 Sep 2020 14:27:24 GMT" time="0.027" errors="0">
  <testcase name="rtest" time="0.027" classname="testdemo.Testscript"/>
</testsuite> <!-- testdemo.Testscript -->
